Clementine 11.1 - Copyright (c) Integral Solutions Ltd., 1994 - 2007. All rights reserved.
Batch mode execution with flags: [-server -hostname dmsrv4.prb.hgst.com -port 28046 -username 2412655 -password *** -script C:\TrialTrackerStatus\script.txt -execute -log C:\TrialTrackerStatus\log\14102013. 82550.log ] at 14 µ.¤. 2556, 8:25:59
Information: Stream execution started
Information: Stream execution complete, Elapsed=3.0 sec, CPU=0.06 sec
Information: Stream execution started
Information: Stream execution complete, Elapsed=3.0 sec, CPU=0.07 sec
Information: Stream execution started
Information: Stream execution complete, Elapsed=2.0 sec, CPU=0.0 sec
Information: Stream execution started
Information: Stream execution complete, Elapsed=1.0 sec, CPU=0.01 sec
Information: Stream execution started
Information: Stream execution complete, Elapsed=2.0 sec, CPU=0.01 sec
Information: Stream execution started
Information: Stream execution complete, Elapsed=1.0 sec, CPU=0.01 sec
Information: Stream execution started
I1023: Stream optimisation complete (2 rules applied)
Information: Stream execution complete, Elapsed=12.0 sec, CPU=0.03 sec
Information: Stream execution started
I1023: Stream optimisation complete (2 rules applied)
Error: No records received
Information: Stream execution complete, Elapsed=1.0 sec, CPU=0.01 sec
Warning: Execution was interrupted
Error: Script execution was interrupted on line 81 column 1
Failed to run all actions, error code: 1
