Clementine 11.1 - Copyright (c) Integral Solutions Ltd., 1994 - 2007. All rights reserved.
Batch mode execution with flags: [-server -hostname dmsrv4.prb.hgst.com -port 28046 -username 2412655 -password *** -script C:\Tomcat_5.5\webapps\TrialTrackerStatus\script.txt -execute -log C:\Tomcat_5.5\webapps\TrialTrackerStatus\log\20131125.060400.log ] at 25 ¾.Â. 2556, 6:04:01
Information: Stream execution started
I1023: Stream optimisation complete (3 rules applied)
Information: Stream execution complete, Elapsed=14.0 sec, CPU=1.34 sec
Information: Stream execution started
I1023: Stream optimisation complete (3 rules applied)
Information: Stream execution complete, Elapsed=8.0 sec, CPU=1.93 sec
Information: Stream execution started
I1023: Stream optimisation complete (3 rules applied)
Information: Stream execution complete, Elapsed=7.0 sec, CPU=1.87 sec
Information: Stream execution started
I1023: Stream optimisation complete (3 rules applied)
Information: Stream execution complete, Elapsed=5.0 sec, CPU=1.35 sec
Information: Stream execution started
I1023: Stream optimisation complete (3 rules applied)
Information: Stream execution complete, Elapsed=13.0 sec, CPU=1.21 sec
Information: Stream execution started
I1023: Stream optimisation complete (3 rules applied)
Information: Stream execution complete, Elapsed=11.0 sec, CPU=1.17 sec
Information: Stream execution started
I1023: Stream optimisation complete (4 rules applied)
Information: Stream execution complete, Elapsed=5.0 sec, CPU=0.73 sec
Information: Stream execution started
I1023: Stream optimisation complete (4 rules applied)
Information: Stream execution complete, Elapsed=4.0 sec, CPU=0.74 sec
Information: Stream execution started
I1023: Stream optimisation complete (4 rules applied)
Information: Stream execution complete, Elapsed=4.0 sec, CPU=0.73 sec
Information: Stream execution started
I1023: Stream optimisation complete (4 rules applied)
Information: Stream execution complete, Elapsed=4.0 sec, CPU=0.73 sec
Information: Stream execution started
Information: Stream execution complete, Elapsed=6.0 sec, CPU=3.29 sec
Information: Stream execution started
Information: Stream execution complete, Elapsed=10.0 sec, CPU=2.82 sec
