Clementine 11.1 - Copyright (c) Integral Solutions Ltd., 1994 - 2007. All rights reserved.
Batch mode execution with flags: [-server -hostname dmsrv4.prb.hgst.com -port 28046 -username 2412655 -password *** -script C:\Tomcat_5.5\webapps\TrialTrackerStatus\script.txt -execute -log C:\Tomcat_5.5\webapps\TrialTrackerStatus\log\20131207.060209.log ] at 7 ¸.¤. 2556, 6:02:10
Information: Stream execution started
I1023: Stream optimisation complete (3 rules applied)
Information: Stream execution complete, Elapsed=78.0 sec, CPU=20.08 sec
Information: Stream execution started
I1023: Stream optimisation complete (3 rules applied)
Information: Stream execution complete, Elapsed=22.0 sec, CPU=15.74 sec
Information: Stream execution started
I1023: Stream optimisation complete (3 rules applied)
Information: Stream execution complete, Elapsed=35.0 sec, CPU=18.85 sec
Information: Stream execution started
I1023: Stream optimisation complete (3 rules applied)
Information: Stream execution complete, Elapsed=24.0 sec, CPU=17.28 sec
Information: Stream execution started
W2009: Internal Error: Stream optimisation failed and is switching off
Error writing file - /C:/Tomcat_5.5/webapps/TrialTrackerStatus/StreamResult/EC_Histogram_6400.jpg - im == null!
Information: Stream execution complete, Elapsed=102.0 sec, CPU=18.13 sec
Information: Stream execution started
W2009: Internal Error: Stream optimisation failed and is switching off
Error writing file - /C:/Tomcat_5.5/webapps/TrialTrackerStatus/StreamResult/EC_Histogram_6800.jpg - im == null!
Information: Stream execution complete, Elapsed=66.0 sec, CPU=16.33 sec
Information: Stream execution started
W2009: Internal Error: Stream optimisation failed and is switching off
Information: Stream execution complete, Elapsed=16.0 sec, CPU=11.66 sec
Information: Stream execution started
W2009: Internal Error: Stream optimisation failed and is switching off
Information: Stream execution complete, Elapsed=16.0 sec, CPU=11.81 sec
Information: Stream execution started
W2009: Internal Error: Stream optimisation failed and is switching off
Information: Stream execution complete, Elapsed=16.0 sec, CPU=11.87 sec
Information: Stream execution started
W2009: Internal Error: Stream optimisation failed and is switching off
Information: Stream execution complete, Elapsed=17.0 sec, CPU=11.63 sec
Information: Stream execution started
Information: Stream execution complete, Elapsed=25.0 sec, CPU=27.43 sec
Information: Stream execution started
Information: Stream execution complete, Elapsed=57.0 sec, CPU=25.08 sec
