Clementine 11.1 - Copyright (c) Integral Solutions Ltd., 1994 - 2007. All rights reserved.
Batch mode execution with flags: [-server -hostname dmsrv4.prb.hgst.com -port 28046 -username 2412655 -password *** -script C:\Tomcat_5.5\webapps\TrialTrackerStatus\script.txt -execute -log C:\Tomcat_5.5\webapps\TrialTrackerStatus\log\20131208.060207.log ] at 8 ¸.¤. 2556, 6:02:08
Information: Stream execution started
I1023: Stream optimisation complete (3 rules applied)
Information: Stream execution complete, Elapsed=83.0 sec, CPU=24.8 sec
Information: Stream execution started
I1023: Stream optimisation complete (3 rules applied)
Information: Stream execution complete, Elapsed=27.0 sec, CPU=20.01 sec
Information: Stream execution started
I1023: Stream optimisation complete (3 rules applied)
Information: Stream execution complete, Elapsed=46.0 sec, CPU=26.56 sec
Information: Stream execution started
I1023: Stream optimisation complete (3 rules applied)
Information: Stream execution complete, Elapsed=28.0 sec, CPU=20.37 sec
Information: Stream execution started
W2009: Internal Error: Stream optimisation failed and is switching off
Error writing file - /C:/Tomcat_5.5/webapps/TrialTrackerStatus/StreamResult/EC_Histogram_6400.jpg - im == null!
Information: Stream execution complete, Elapsed=63.0 sec, CPU=21.3 sec
Information: Stream execution started
W2009: Internal Error: Stream optimisation failed and is switching off
Error writing file - /C:/Tomcat_5.5/webapps/TrialTrackerStatus/StreamResult/EC_Histogram_6800.jpg - im == null!
Information: Stream execution complete, Elapsed=83.0 sec, CPU=20.83 sec
Information: Stream execution started
W2009: Internal Error: Stream optimisation failed and is switching off
Information: Stream execution complete, Elapsed=20.0 sec, CPU=15.35 sec
Information: Stream execution started
W2009: Internal Error: Stream optimisation failed and is switching off
Information: Stream execution complete, Elapsed=21.0 sec, CPU=15.4 sec
Information: Stream execution started
W2009: Internal Error: Stream optimisation failed and is switching off
Information: Stream execution complete, Elapsed=21.0 sec, CPU=15.71 sec
Information: Stream execution started
W2009: Internal Error: Stream optimisation failed and is switching off
Information: Stream execution complete, Elapsed=20.0 sec, CPU=15.43 sec
Information: Stream execution started
Information: Stream execution complete, Elapsed=31.0 sec, CPU=31.8 sec
Information: Stream execution started
Information: Stream execution complete, Elapsed=68.0 sec, CPU=30.75 sec
