Clementine 11.1 - Copyright (c) Integral Solutions Ltd., 1994 - 2007. All rights reserved.
Batch mode execution with flags: [-server -hostname dmsrv4.prb.hgst.com -port 28046 -username 2412655 -password *** -script C:\Tomcat_5.5\webapps\TrialTrackerStatus\script.txt -execute -log C:\Tomcat_5.5\webapps\TrialTrackerStatus\log\20131202.094709.log ] at Dec 2, 2013 9:47:10 AM
Information: Stream execution started
I1023: Stream optimisation complete (3 rules applied)
Information: Stream execution complete, Elapsed=3.0 sec, CPU=0.69 sec
Information: Stream execution started
I1023: Stream optimisation complete (3 rules applied)
Information: Stream execution complete, Elapsed=4.0 sec, CPU=1.08 sec
Information: Stream execution started
I1023: Stream optimisation complete (3 rules applied)
Information: Stream execution complete, Elapsed=4.0 sec, CPU=0.99 sec
Information: Stream execution started
I1023: Stream optimisation complete (3 rules applied)
Information: Stream execution complete, Elapsed=2.0 sec, CPU=0.7 sec
Information: Stream execution started
I1023: Stream optimisation complete (3 rules applied)
Information: Stream execution complete, Elapsed=7.0 sec, CPU=0.69 sec
Information: Stream execution started
I1023: Stream optimisation complete (3 rules applied)
Information: Stream execution complete, Elapsed=8.0 sec, CPU=0.59 sec
Information: Stream execution started
I1023: Stream optimisation complete (4 rules applied)
Information: Stream execution complete, Elapsed=3.0 sec, CPU=0.4 sec
Information: Stream execution started
I1023: Stream optimisation complete (4 rules applied)
Information: Stream execution complete, Elapsed=2.0 sec, CPU=0.37 sec
Information: Stream execution started
I1023: Stream optimisation complete (4 rules applied)
Information: Stream execution complete, Elapsed=2.0 sec, CPU=0.39 sec
Information: Stream execution started
I1023: Stream optimisation complete (4 rules applied)
Information: Stream execution complete, Elapsed=2.0 sec, CPU=0.37 sec
Information: Stream execution started
Information: Stream execution complete, Elapsed=3.0 sec, CPU=1.5 sec
Information: Stream execution started
Information: Stream execution complete, Elapsed=9.0 sec, CPU=1.56 sec
