Clementine 11.1 - Copyright (c) Integral Solutions Ltd., 1994 - 2007. All rights reserved.
Batch mode execution with flags: [-server -hostname dmsrv4.prb.hgst.com -port 28046 -username 2412655 -password *** -script C:\TrialTrackerStatus\script.txt -execute -log C:\TrialTrackerStatus\log\20131111.193248.log ] at 11 ¾.Â. 2556, 19:32:50
Information: Stream execution started
I1023: Stream optimisation complete (3 rules applied)
Information: Stream execution complete, Elapsed=2.0 sec, CPU=0.03 sec
Information: Stream execution started
I1023: Stream optimisation complete (3 rules applied)
Information: Stream execution complete, Elapsed=2.0 sec, CPU=0.03 sec
Information: Stream execution started
I1023: Stream optimisation complete (3 rules applied)
Information: Stream execution complete, Elapsed=2.0 sec, CPU=0.04 sec
Information: Stream execution started
I1023: Stream optimisation complete (3 rules applied)
Information: Stream execution complete, Elapsed=1.0 sec, CPU=0.02 sec
Information: Stream execution started
I1023: Stream optimisation complete (3 rules applied)
Information: Stream execution complete, Elapsed=4.0 sec, CPU=0.02 sec
Information: Stream execution started
Error: Server exception: java.io.EOFException
Warning: Execution was interrupted
Error: Script execution was interrupted on line 112 column 24
Failed to run all actions, error code: 1
