Clementine 11.1 - Copyright (c) Integral Solutions Ltd., 1994 - 2007. All rights reserved.
Batch mode execution with flags: [-server -hostname dmsrv4.prb.hgst.com -port 28046 -username 2412655 -password *** -script C:\Tomcat_5.5\webapps\TrialTrackerStatus\script.txt -execute -log C:\Tomcat_5.5\webapps\TrialTrackerStatus\log\20131211.060200.log ] at 11 ¸.¤. 2556, 6:02:01
Information: Stream execution started
I1023: Stream optimisation complete (3 rules applied)
Information: Stream execution complete, Elapsed=100.0 sec, CPU=33.25 sec
Information: Stream execution started
I1023: Stream optimisation complete (3 rules applied)
Information: Stream execution complete, Elapsed=36.0 sec, CPU=27.92 sec
Information: Stream execution started
I1023: Stream optimisation complete (3 rules applied)
Information: Stream execution complete, Elapsed=66.0 sec, CPU=38.96 sec
Information: Stream execution started
I1023: Stream optimisation complete (3 rules applied)
Information: Stream execution complete, Elapsed=36.0 sec, CPU=27.98 sec
Information: Stream execution started
W2009: Internal Error: Stream optimisation failed and is switching off
Error writing file - /C:/Tomcat_5.5/webapps/TrialTrackerStatus/StreamResult/EC_Histogram_6400.jpg - im == null!
Information: Stream execution complete, Elapsed=76.0 sec, CPU=28.82 sec
Information: Stream execution started
W2009: Internal Error: Stream optimisation failed and is switching off
Error writing file - /C:/Tomcat_5.5/webapps/TrialTrackerStatus/StreamResult/EC_Histogram_6800.jpg - im == null!
Information: Stream execution complete, Elapsed=70.0 sec, CPU=28.91 sec
Information: Stream execution started
W2009: Internal Error: Stream optimisation failed and is switching off
Information: Stream execution complete, Elapsed=27.0 sec, CPU=21.88 sec
Information: Stream execution started
W2009: Internal Error: Stream optimisation failed and is switching off
Information: Stream execution complete, Elapsed=28.0 sec, CPU=21.94 sec
Information: Stream execution started
W2009: Internal Error: Stream optimisation failed and is switching off
Information: Stream execution complete, Elapsed=28.0 sec, CPU=22.23 sec
Information: Stream execution started
W2009: Internal Error: Stream optimisation failed and is switching off
Information: Stream execution complete, Elapsed=27.0 sec, CPU=21.79 sec
Information: Stream execution started
Information: Stream execution complete, Elapsed=40.0 sec, CPU=42.18 sec
Information: Stream execution started
