Clementine 11.1 - Copyright (c) Integral Solutions Ltd., 1994 - 2007. All rights reserved.
Batch mode execution with flags: [-server -hostname dmsrv4.prb.hgst.com -port 28046 -username 2412655 -password *** -script C:\Tomcat_5.5\webapps\TrialTrackerStatus\script.txt -execute -log C:\Tomcat_5.5\webapps\TrialTrackerStatus\log\20131205.060246.log ] at 5 ¸.¤. 2556, 6:02:47
Information: Stream execution started
I1023: Stream optimisation complete (3 rules applied)
Information: Stream execution complete, Elapsed=5.0 sec, CPU=1.01 sec
Information: Stream execution started
I1023: Stream optimisation complete (3 rules applied)
Information: Stream execution complete, Elapsed=5.0 sec, CPU=1.44 sec
Information: Stream execution started
I1023: Stream optimisation complete (3 rules applied)
Information: Stream execution complete, Elapsed=4.0 sec, CPU=1.3 sec
Information: Stream execution started
I1023: Stream optimisation complete (3 rules applied)
Information: Stream execution complete, Elapsed=3.0 sec, CPU=0.96 sec
Information: Stream execution started
I1023: Stream optimisation complete (3 rules applied)
Information: Stream execution complete, Elapsed=9.0 sec, CPU=0.83 sec
Information: Stream execution started
I1023: Stream optimisation complete (3 rules applied)
Information: Stream execution complete, Elapsed=7.0 sec, CPU=0.79 sec
Information: Stream execution started
I1023: Stream optimisation complete (4 rules applied)
Information: Stream execution complete, Elapsed=3.0 sec, CPU=0.52 sec
Information: Stream execution started
I1023: Stream optimisation complete (4 rules applied)
Information: Stream execution complete, Elapsed=2.0 sec, CPU=0.52 sec
Information: Stream execution started
I1023: Stream optimisation complete (4 rules applied)
Information: Stream execution complete, Elapsed=3.0 sec, CPU=0.5 sec
Information: Stream execution started
I1023: Stream optimisation complete (4 rules applied)
Information: Stream execution complete, Elapsed=2.0 sec, CPU=0.5 sec
Information: Stream execution started
Information: Stream execution complete, Elapsed=3.0 sec, CPU=2.21 sec
Information: Stream execution started
Information: Stream execution complete, Elapsed=7.0 sec, CPU=1.94 sec
