Clementine 11.1 - Copyright (c) Integral Solutions Ltd., 1994 - 2007. All rights reserved.
Batch mode execution with flags: [-server -hostname dmsrv4.prb.hgst.com -port 28046 -username 2412655 -password *** -script C:\Tomcat_5.5\webapps\TrialTrackerStatus\script.txt -execute -log C:\Tomcat_5.5\webapps\TrialTrackerStatus\log\20131209.060206.log ] at 9 ¸.¤. 2556, 6:02:07
Information: Stream execution started
I1023: Stream optimisation complete (3 rules applied)
Information: Stream execution complete, Elapsed=75.0 sec, CPU=27.61 sec
Information: Stream execution started
I1023: Stream optimisation complete (3 rules applied)
Information: Stream execution complete, Elapsed=32.0 sec, CPU=25.52 sec
Information: Stream execution started
I1023: Stream optimisation complete (3 rules applied)
Information: Stream execution complete, Elapsed=47.0 sec, CPU=25.78 sec
Information: Stream execution started
I1023: Stream optimisation complete (3 rules applied)
Information: Stream execution complete, Elapsed=29.0 sec, CPU=21.84 sec
Information: Stream execution started
W2009: Internal Error: Stream optimisation failed and is switching off
Error writing file - /C:/Tomcat_5.5/webapps/TrialTrackerStatus/StreamResult/EC_Histogram_6400.jpg - im == null!
Information: Stream execution complete, Elapsed=69.0 sec, CPU=23.61 sec
Information: Stream execution started
W2009: Internal Error: Stream optimisation failed and is switching off
Error writing file - /C:/Tomcat_5.5/webapps/TrialTrackerStatus/StreamResult/EC_Histogram_6800.jpg - im == null!
Information: Stream execution complete, Elapsed=99.0 sec, CPU=22.9 sec
Information: Stream execution started
W2009: Internal Error: Stream optimisation failed and is switching off
Information: Stream execution complete, Elapsed=23.0 sec, CPU=17.68 sec
Information: Stream execution started
W2009: Internal Error: Stream optimisation failed and is switching off
Information: Stream execution complete, Elapsed=23.0 sec, CPU=17.15 sec
Information: Stream execution started
W2009: Internal Error: Stream optimisation failed and is switching off
Information: Stream execution complete, Elapsed=22.0 sec, CPU=17.37 sec
Information: Stream execution started
W2009: Internal Error: Stream optimisation failed and is switching off
Information: Stream execution complete, Elapsed=24.0 sec, CPU=17.79 sec
Information: Stream execution started
Information: Stream execution complete, Elapsed=33.0 sec, CPU=34.61 sec
Information: Stream execution started
Information: Stream execution complete, Elapsed=73.0 sec, CPU=33.84 sec
