Clementine 11.1 - Copyright (c) Integral Solutions Ltd., 1994 - 2007. All rights reserved.
Batch mode execution with flags: [-server -hostname dmsrv4.prb.hgst.com -port 28046 -username 2412655 -password *** -script C:\Tomcat_5.5\webapps\TrialTrackerStatus\script.txt -execute -log C:\Tomcat_5.5\webapps\TrialTrackerStatus\log\20131202.101420.log ] at Dec 2, 2013 10:14:21 AM
Information: Stream execution started
I1023: Stream optimisation complete (3 rules applied)
Information: Stream execution complete, Elapsed=28.0 sec, CPU=3.73 sec
Information: Stream execution started
I1023: Stream optimisation complete (3 rules applied)
Information: Stream execution complete, Elapsed=6.0 sec, CPU=2.33 sec
Information: Stream execution started
I1023: Stream optimisation complete (3 rules applied)
Information: Stream execution complete, Elapsed=7.0 sec, CPU=2.26 sec
Information: Stream execution started
I1023: Stream optimisation complete (3 rules applied)
Information: Stream execution complete, Elapsed=5.0 sec, CPU=2.15 sec
Information: Stream execution started
W2009: Internal Error: Stream optimisation failed and is switching off
Information: Stream execution complete, Elapsed=29.0 sec, CPU=2.51 sec
Information: Stream execution started
W2009: Internal Error: Stream optimisation failed and is switching off
Information: Stream execution complete, Elapsed=7.0 sec, CPU=2.28 sec
Information: Stream execution started
W2009: Internal Error: Stream optimisation failed and is switching off
Information: Stream execution complete, Elapsed=4.0 sec, CPU=1.29 sec
Information: Stream execution started
W2009: Internal Error: Stream optimisation failed and is switching off
Information: Stream execution complete, Elapsed=4.0 sec, CPU=1.38 sec
Information: Stream execution started
W2009: Internal Error: Stream optimisation failed and is switching off
Information: Stream execution complete, Elapsed=5.0 sec, CPU=1.46 sec
Information: Stream execution started
W2009: Internal Error: Stream optimisation failed and is switching off
Information: Stream execution complete, Elapsed=6.0 sec, CPU=1.33 sec
Information: Stream execution started
Information: Stream execution complete, Elapsed=5.0 sec, CPU=4.08 sec
Information: Stream execution started
Information: Stream execution complete, Elapsed=13.0 sec, CPU=4.03 sec
