Clementine 11.1 - Copyright (c) Integral Solutions Ltd., 1994 - 2007. All rights reserved.
Batch mode execution with flags: [-server -hostname dmsrv4.prb.hgst.com -port 28046 -username 2412655 -password *** -script C:\Tomcat_5.5\webapps\TrialTrackerStatus\script.txt -execute -log C:\Tomcat_5.5\webapps\TrialTrackerStatus\log\20131202.163206.log ] at Dec 2, 2013 4:32:08 PM
Information: Stream execution started
I1023: Stream optimisation complete (3 rules applied)
Information: Stream execution complete, Elapsed=17.0 sec, CPU=3.54 sec
Information: Stream execution started
I1023: Stream optimisation complete (3 rules applied)
Information: Stream execution complete, Elapsed=5.0 sec, CPU=2.19 sec
Information: Stream execution started
I1023: Stream optimisation complete (3 rules applied)
Information: Stream execution complete, Elapsed=6.0 sec, CPU=2.32 sec
Information: Stream execution started
I1023: Stream optimisation complete (3 rules applied)
Information: Stream execution complete, Elapsed=5.0 sec, CPU=2.19 sec
Information: Stream execution started
W2009: Internal Error: Stream optimisation failed and is switching off
Information: Stream execution complete, Elapsed=32.0 sec, CPU=2.59 sec
Information: Stream execution started
W2009: Internal Error: Stream optimisation failed and is switching off
Information: Stream execution complete, Elapsed=8.0 sec, CPU=2.31 sec
Information: Stream execution started
W2009: Internal Error: Stream optimisation failed and is switching off
Information: Stream execution complete, Elapsed=5.0 sec, CPU=1.42 sec
Information: Stream execution started
W2009: Internal Error: Stream optimisation failed and is switching off
Information: Stream execution complete, Elapsed=4.0 sec, CPU=1.4 sec
Information: Stream execution started
W2009: Internal Error: Stream optimisation failed and is switching off
Information: Stream execution complete, Elapsed=4.0 sec, CPU=1.4 sec
Information: Stream execution started
W2009: Internal Error: Stream optimisation failed and is switching off
Information: Stream execution complete, Elapsed=4.0 sec, CPU=1.41 sec
Information: Stream execution started
Information: Stream execution complete, Elapsed=6.0 sec, CPU=4.61 sec
Information: Stream execution started
Information: Stream execution complete, Elapsed=12.0 sec, CPU=4.32 sec
