Clementine 11.1 - Copyright (c) Integral Solutions Ltd., 1994 - 2007. All rights reserved.
Batch mode execution with flags: [-server -hostname dmsrv4.prb.hgst.com -port 28046 -username 2412655 -password *** -script C:\TrialTrackerStatus\script.txt -execute -log C:\TrialTrackerStatus\log\25102013.111133.log ] at 25 µ.¤. 2556, 11:11:45
Information: Stream execution started
W2009: Internal Error: Stream optimisation failed and is switching off
Information: Stream execution complete, Elapsed=18.0 sec, CPU=12.28 sec
Information: Stream execution started
I1023: Stream optimisation complete (1 rules applied)
Information: Stream execution complete, Elapsed=4.0 sec, CPU=0.13 sec
Information: Stream execution started
W2009: Internal Error: Stream optimisation failed and is switching off
Information: Stream execution complete, Elapsed=18.0 sec, CPU=11.79 sec
Information: Stream execution started
W2009: Internal Error: Stream optimisation failed and is switching off
Information: Stream execution complete, Elapsed=17.0 sec, CPU=11.69 sec
Information: Stream execution started
W2009: Internal Error: Stream optimisation failed and is switching off
Information: Stream execution complete, Elapsed=17.0 sec, CPU=11.94 sec
Information: Stream execution started
W2009: Internal Error: Stream optimisation failed and is switching off
Information: Stream execution complete, Elapsed=17.0 sec, CPU=11.85 sec
Information: Stream execution started
W2009: Internal Error: Stream optimisation failed and is switching off
Information: Stream execution complete, Elapsed=33.0 sec, CPU=13.16 sec
Information: Stream execution started
W2009: Internal Error: Stream optimisation failed and is switching off
Error: No records received
Information: Stream execution complete, Elapsed=19.0 sec, CPU=13.21 sec
Warning: Execution was interrupted
Error: Script execution was interrupted on line 81 column 1
Failed to run all actions, error code: 1
